{"/Users/Dov1/react-projects/investment-app/src/components/Invest.js": {"path":"/Users/Dov1/react-projects/investment-app/src/components/Invest.js","statementMap":{"0":{"start":{"line":9,"column":8},"end":{"line":9,"column":21}},"1":{"start":{"line":10,"column":8},"end":{"line":13,"column":9}},"2":{"start":{"line":17,"column":23},"end":{"line":17,"column":27}},"3":{"start":{"line":18,"column":8},"end":{"line":23,"column":10}},"4":{"start":{"line":19,"column":12},"end":{"line":22,"column":13}},"5":{"start":{"line":20,"column":16},"end":{"line":20,"column":59}},"6":{"start":{"line":21,"column":16},"end":{"line":21,"column":33}},"7":{"start":{"line":24,"column":8},"end":{"line":27,"column":9}},"8":{"start":{"line":25,"column":12},"end":{"line":25,"column":62}},"9":{"start":{"line":25,"column":55},"end":{"line":25,"column":62}},"10":{"start":{"line":26,"column":12},"end":{"line":26,"column":50}},"11":{"start":{"line":28,"column":8},"end":{"line":28,"column":61}},"12":{"start":{"line":32,"column":29},"end":{"line":32,"column":86}},"13":{"start":{"line":33,"column":19},"end":{"line":33,"column":23}},"14":{"start":{"line":34,"column":8},"end":{"line":42,"column":10}},"15":{"start":{"line":35,"column":12},"end":{"line":35,"column":61}},"16":{"start":{"line":37,"column":12},"end":{"line":41,"column":14}},"17":{"start":{"line":38,"column":16},"end":{"line":40,"column":17}},"18":{"start":{"line":39,"column":20},"end":{"line":39,"column":97}},"19":{"start":{"line":46,"column":24},"end":{"line":48,"column":10}},"20":{"start":{"line":47,"column":12},"end":{"line":47,"column":73}},"21":{"start":{"line":47,"column":64},"end":{"line":47,"column":73}},"22":{"start":{"line":49,"column":8},"end":{"line":49,"column":47}},"23":{"start":{"line":53,"column":8},"end":{"line":53,"column":56}},"24":{"start":{"line":54,"column":8},"end":{"line":54,"column":30}},"25":{"start":{"line":58,"column":8},"end":{"line":58,"column":61}},"26":{"start":{"line":59,"column":8},"end":{"line":59,"column":39}},"27":{"start":{"line":63,"column":8},"end":{"line":63,"column":39}},"28":{"start":{"line":67,"column":8},"end":{"line":67,"column":87}},"29":{"start":{"line":71,"column":8},"end":{"line":102,"column":10}},"30":{"start":{"line":75,"column":41},"end":{"line":75,"column":59}},"31":{"start":{"line":80,"column":43},"end":{"line":80,"column":80}},"32":{"start":{"line":84,"column":28},"end":{"line":96,"column":33}},"33":{"start":{"line":88,"column":52},"end":{"line":88,"column":86}},"34":{"start":{"line":106,"column":0},"end":{"line":109,"column":1}},"35":{"start":{"line":112,"column":4},"end":{"line":114,"column":6}}},"fnMap":{"0":{"name":"(anonymous_0)","decl":{"start":{"line":8,"column":4},"end":{"line":8,"column":5}},"loc":{"start":{"line":8,"column":23},"end":{"line":14,"column":5}},"line":8},"1":{"name":"(anonymous_1)","decl":{"start":{"line":16,"column":4},"end":{"line":16,"column":5}},"loc":{"start":{"line":16,"column":31},"end":{"line":29,"column":5}},"line":16},"2":{"name":"(anonymous_2)","decl":{"start":{"line":18,"column":43},"end":{"line":18,"column":44}},"loc":{"start":{"line":18,"column":57},"end":{"line":23,"column":9}},"line":18},"3":{"name":"(anonymous_3)","decl":{"start":{"line":31,"column":4},"end":{"line":31,"column":5}},"loc":{"start":{"line":31,"column":31},"end":{"line":43,"column":5}},"line":31},"4":{"name":"(anonymous_4)","decl":{"start":{"line":34,"column":29},"end":{"line":34,"column":30}},"loc":{"start":{"line":34,"column":36},"end":{"line":42,"column":9}},"line":34},"5":{"name":"(anonymous_5)","decl":{"start":{"line":37,"column":46},"end":{"line":37,"column":47}},"loc":{"start":{"line":37,"column":54},"end":{"line":41,"column":13}},"line":37},"6":{"name":"(anonymous_6)","decl":{"start":{"line":45,"column":4},"end":{"line":45,"column":5}},"loc":{"start":{"line":45,"column":20},"end":{"line":50,"column":5}},"line":45},"7":{"name":"(anonymous_7)","decl":{"start":{"line":46,"column":52},"end":{"line":46,"column":53}},"loc":{"start":{"line":46,"column":62},"end":{"line":48,"column":9}},"line":46},"8":{"name":"(anonymous_8)","decl":{"start":{"line":52,"column":4},"end":{"line":52,"column":5}},"loc":{"start":{"line":52,"column":18},"end":{"line":55,"column":5}},"line":52},"9":{"name":"(anonymous_9)","decl":{"start":{"line":57,"column":4},"end":{"line":57,"column":5}},"loc":{"start":{"line":57,"column":24},"end":{"line":60,"column":5}},"line":57},"10":{"name":"(anonymous_10)","decl":{"start":{"line":62,"column":4},"end":{"line":62,"column":5}},"loc":{"start":{"line":62,"column":25},"end":{"line":64,"column":5}},"line":62},"11":{"name":"(anonymous_11)","decl":{"start":{"line":66,"column":4},"end":{"line":66,"column":5}},"loc":{"start":{"line":66,"column":16},"end":{"line":68,"column":5}},"line":66},"12":{"name":"(anonymous_12)","decl":{"start":{"line":70,"column":4},"end":{"line":70,"column":5}},"loc":{"start":{"line":70,"column":13},"end":{"line":103,"column":5}},"line":70},"13":{"name":"(anonymous_13)","decl":{"start":{"line":75,"column":33},"end":{"line":75,"column":34}},"loc":{"start":{"line":75,"column":39},"end":{"line":75,"column":60}},"line":75},"14":{"name":"(anonymous_14)","decl":{"start":{"line":80,"column":34},"end":{"line":80,"column":35}},"loc":{"start":{"line":80,"column":43},"end":{"line":80,"column":80}},"line":80},"15":{"name":"(anonymous_15)","decl":{"start":{"line":83,"column":54},"end":{"line":83,"column":55}},"loc":{"start":{"line":83,"column":65},"end":{"line":97,"column":25}},"line":83},"16":{"name":"(anonymous_16)","decl":{"start":{"line":88,"column":45},"end":{"line":88,"column":46}},"loc":{"start":{"line":88,"column":51},"end":{"line":88,"column":87}},"line":88},"17":{"name":"mapStateToProps","decl":{"start":{"line":111,"column":9},"end":{"line":111,"column":24}},"loc":{"start":{"line":111,"column":32},"end":{"line":115,"column":1}},"line":111}},"branchMap":{"0":{"loc":{"start":{"line":19,"column":12},"end":{"line":22,"column":13}},"type":"if","locations":[{"start":{"line":19,"column":12},"end":{"line":22,"column":13}},{"start":{"line":19,"column":12},"end":{"line":22,"column":13}}],"line":19},"1":{"loc":{"start":{"line":24,"column":8},"end":{"line":27,"column":9}},"type":"if","locations":[{"start":{"line":24,"column":8},"end":{"line":27,"column":9}},{"start":{"line":24,"column":8},"end":{"line":27,"column":9}}],"line":24},"2":{"loc":{"start":{"line":25,"column":12},"end":{"line":25,"column":62}},"type":"if","locations":[{"start":{"line":25,"column":12},"end":{"line":25,"column":62}},{"start":{"line":25,"column":12},"end":{"line":25,"column":62}}],"line":25},"3":{"loc":{"start":{"line":38,"column":16},"end":{"line":40,"column":17}},"type":"if","locations":[{"start":{"line":38,"column":16},"end":{"line":40,"column":17}},{"start":{"line":38,"column":16},"end":{"line":40,"column":17}}],"line":38},"4":{"loc":{"start":{"line":47,"column":12},"end":{"line":47,"column":73}},"type":"if","locations":[{"start":{"line":47,"column":12},"end":{"line":47,"column":73}},{"start":{"line":47,"column":12},"end":{"line":47,"column":73}}],"line":47}},"s":{"0":3,"1":3,"2":0,"3":0,"4":0,"5":0,"6":0,"7":0,"8":0,"9":0,"10":0,"11":0,"12":7,"13":7,"14":7,"15":0,"16":0,"17":0,"18":0,"19":1,"20":2,"21":1,"22":1,"23":0,"24":0,"25":3,"26":3,"27":4,"28":7,"29":7,"30":0,"31":1,"32":7,"33":0,"34":1,"35":0},"f":{"0":3,"1":0,"2":0,"3":7,"4":0,"5":0,"6":1,"7":2,"8":0,"9":3,"10":4,"11":7,"12":7,"13":0,"14":1,"15":7,"16":0,"17":0},"b":{"0":[0,0],"1":[0,0],"2":[0,0],"3":[0,0],"4":[1,1]},"_coverageSchema":"43e27e138ebf9cfc5966b082cf9a028302ed4184","hash":"e4c7b531f1666e782fbff75b69c46b8b8b03e922"}
,"/Users/Dov1/react-projects/investment-app/src/components/News.js": {"path":"/Users/Dov1/react-projects/investment-app/src/components/News.js","statementMap":{"0":{"start":{"line":8,"column":8},"end":{"line":8,"column":20}},"1":{"start":{"line":12,"column":8},"end":{"line":28,"column":10}},"2":{"start":{"line":16,"column":28},"end":{"line":24,"column":34}},"3":{"start":{"line":32,"column":0},"end":{"line":34,"column":2}}},"fnMap":{"0":{"name":"(anonymous_0)","decl":{"start":{"line":7,"column":4},"end":{"line":7,"column":5}},"loc":{"start":{"line":7,"column":23},"end":{"line":9,"column":5}},"line":7},"1":{"name":"(anonymous_1)","decl":{"start":{"line":11,"column":4},"end":{"line":11,"column":5}},"loc":{"start":{"line":11,"column":13},"end":{"line":29,"column":5}},"line":11},"2":{"name":"(anonymous_2)","decl":{"start":{"line":15,"column":51},"end":{"line":15,"column":52}},"loc":{"start":{"line":16,"column":28},"end":{"line":24,"column":34}},"line":16}},"branchMap":{},"s":{"0":1,"1":1,"2":1,"3":1},"f":{"0":1,"1":1,"2":1},"b":{},"_coverageSchema":"43e27e138ebf9cfc5966b082cf9a028302ed4184","hash":"50a58cf29f0f0b1a95b677e239a801f99eddc694"}
}
